<?xml version="1.0" encoding="UTF-8"?>
<testsuite name="com.thom.calculator.CalculatorApplicationTests" tests="1" skipped="0" failures="0" errors="0" timestamp="2023-11-26T09:07:41" hostname="neotp" time="1.116">
  <properties/>
  <testcase name="contextLoads()" classname="com.thom.calculator.CalculatorApplicationTests" time="1.116"/>
  <system-out><![CDATA[04:07:38.683 [Test worker] INFO org.springframework.test.context.support.AnnotationConfigContextLoaderUtils -- Could not detect default configuration classes for test class [com.thom.calculator.CalculatorApplicationTests]: CalculatorApplicationTests does not declare any static, non-private, non-final, nested classes annotated with @Configuration.
04:07:38.887 [Test worker] INFO org.springframework.boot.test.context.SpringBootTestContextBootstrapper -- Found @SpringBootConfiguration com.thom.calculator.CalculatorApplication for test class com.thom.calculator.CalculatorApplicationTests

  .   ____          _            __ _ _
 /\\ / ___'_ __ _ _(_)_ __  __ _ \ \ \ \
( ( )\___ | '_ | '_| | '_ \/ _` | \ \ \ \
 \\/  ___)| |_)| | | | | || (_| |  ) ) ) )
  '  |____| .__|_| |_|_| |_\__, | / / / /
 =========|_|==============|___/=/_/_/_/
 :: Spring Boot ::                (v3.2.0)

2023-11-26T04:07:39.516-05:00  INFO 18481 --- [    Test worker] c.t.c.CalculatorApplicationTests         : Starting CalculatorApplicationTests using Java 17.0.8.1 with PID 18481 (started by neo in /home/neo/calculator)
2023-11-26T04:07:39.518-05:00  INFO 18481 --- [    Test worker] c.t.c.CalculatorApplicationTests         : No active profile set, falling back to 1 default profile: "default"
2023-11-26T04:07:41.470-05:00  INFO 18481 --- [    Test worker] c.t.c.CalculatorApplicationTests         : Started CalculatorApplicationTests in 2.31 seconds (process running for 4.155)
]]></system-out>
  <system-err><![CDATA[]]></system-err>
</testsuite>
